Arguments: 
  D:\Program Files\nodejs\node.exe C:\Users\Administrator\AppData\Roaming\npm\node_modules\yarn\bin\yarn.js add stylelint --save-dev

PATH: 
  C:\ProgramData\Oracle\Java\javapath;C:\windows\system32;C:\windows;C:\windows\System32\Wbem;C:\windows\System32\WindowsPowerShell\v1.0\;C:\Program Files (x86)\ATI Technologies\ATI.ACE\Core-Static;D:\Program Files\nodejs\;D:\Program Files\TortoiseGit\bin;C:\Program Files\Git\cmd;C:\Users\Administrator\AppData\Local\Microsoft\WindowsApps;C:\Users\Administrator\AppData\Roaming\npm;D:\Microsoft VS Code\bin

Yarn version: 
  0.27.5

Node version: 
  6.11.1

Platform: 
  win32 x64

npm manifest: 
  {
    "name": "vue-simple",
    "version": "1.0.0",
    "description": "vue-simple as ",
    "main": "launch.js",
    "repository": "/",
    "scripts": {
      "test": "echo \"Error: no test specified\" && exit 1",
      "dev": "webpack-dev-server --host 0.0.0.0 --colors --progress --config build/dev.js",
      "dev:hmr": "webpack-dev-server --hot --inline --host 0.0.0.0 --colors --progress --config build/dev.js",
      "prod": "webpack --colors --progress --hide-modules  --optimize-minimize --config build/prod.js",
      "prod:pages": "cross-env PROJECT=pages/* npm run prod",
      "dev:pages": "cross-env PROJECT=pages/* npm run dev:hmr"
    },
    "author": "",
    "license": "ISC",
    "devDependencies": {
      "babel-core": "^6.22.1",
      "babel-loader": "^6.2.10",
      "babel-plugin-component": "^0.9.1",
      "babel-preset-es2015": "^6.24.1",
      "cross-env": "^5.0.1",
      "css-loader": "^0.26.1",
      "eslint": "^3.15.0",
      "eslint-config-airbnb": "^14.0.0",
      "eslint-plugin-import": "^2.2.0",
      "eslint-plugin-jsx-a11y": "^3.0.2",
      "eslint-plugin-react": "^6.9.0",
      "extract-text-webpack-plugin": "^2.0.0-beta.5",
      "file-loader": "^0.10.0",
      "html-loader": "^0.5.0",
      "html-webpack-plugin": "^2.26.0",
      "node-sass": "^4.5.0",
      "postcss-loader": "^1.2.2",
      "sass-loader": "^4.1.1",
      "style-loader": "^0.13.1",
      "url-loader": "^0.5.7",
      "vue-html-loader": "^1.2.3",
      "vue-loader": "^11.1.3",
      "vue-template-compiler": "2.2.1",
      "webpack": "^2.2.0",
      "webpack-dev-server": "^2.2.0"
    },
    "dependencies": {
      "currency-formatter": "1.1.1",
      "mint-ui": "2.1.1",
      "ress": "1.2.2",
      "vue": "2.2.1",
      "vue-i18n": "5.0.3",
      "vue-resource": "1.2.1",
      "vue-router": "2.3.0"
    }
  }

yarn manifest: 
  No manifest

Lockfile: 
  No lockfile

Trace: 
  Error: connect ETIMEDOUT 104.16.60.173:443
      at Object.exports._errnoException (util.js:1018:11)
      at exports._exceptionWithHostPort (util.js:1041:20)
      at TCPConnectWrap.afterConnect [as oncomplete] (net.js:1086:14)
